INFO  (2008-04-15) 10:02.53:750 [access] (Unknown-URI) Unknown-Thread/CocoonServlet: Reloading from: jndi:/localhost/ncse/WEB-INF/cocoon.xconf
INFO  (2008-04-15) 10:02.54:062 [core.runnable] (Unknown-URI) Unknown-Thread/DefaultRunnableManager: ThreadPool named "default" created with maximum queue-size=2147483647,max-pool-size=5,min-pool-size=5,priority=5,isDaemon=false,keep-alive-time-ms=60000,block-policy="ABORT",shutdown-wait-time-ms=-1
INFO  (2008-04-15) 10:02.54:062 [core.runnable] (Unknown-URI) Unknown-Thread/DefaultRunnableManager: ThreadPool named "daemon" created with no queue,max-pool-size=2147483647,min-pool-size=1,priority=5,isDaemon=true,keep-alive-time-ms=60000,block-policy=ABORT,shutdown-wait-time-ms=-1
INFO  (2008-04-15) 10:02.54:265 [core.store] (Unknown-URI) Unknown-Thread/EHDefaultStore: EHCache cache "cocoon-ehcache-1" initialized
WARN  (2008-04-15) 10:02.54:281 [core.language.java] (Unknown-URI) Unknown-Thread/JavaLanguage: Attempted to retrieve directory listing of non-directory C:\WINDOWS\Sun\Java\lib\ext
INFO  (2008-04-15) 10:04.50:734 [sitemap] (/ncse/) http-8080-Processor25/RedirectToURINode: Redirecting to 'index.html' at <map:redirect-to> - file:///C:/Tomcat/webapps/ncse/main-sitemap.xmap:14:45
INFO  (2008-04-15) 10:04.50:734 [sitemap] (/ncse/) http-8080-Processor25/ForwardRedirector: Redirecting to 'index.html'
INFO  (2008-04-15) 10:04.50:750 [access] (/ncse/) http-8080-Processor25/CocoonServlet: '' Processed by Apache Cocoon 2.1.11 in 329 milliseconds.
INFO  (2008-04-15) 10:04.52:281 [core.manager] (/ncse/index.html) http-8080-Processor25/CacheImpl: Caching new response for PK_G-<aggregator>-CA(:coreAL<>)P=:navbar<>:false:file:///C:/Tomcat/webapps/ncse/source/xml/alist/AL_navbar.xml;P=:filebase<>:false:file:///C:/Tomcat/webapps/ncse/source/xml/alist/AL_fileBase.xml;P=:imagebase<>:false:file:///C:/Tomcat/webapps/ncse/source/xml/alist/AL_imageBase.xml;
INFO  (2008-04-15) 10:04.52:468 [core.manager] (/ncse/index.html) http-8080-Processor25/CacheImpl: Caching new response for PK_G-<aggregator>-CA(:aggregation<>)P=false:cocoon://coreAL?pipelinehash=-3994019872901335248;P=false:file:///C:/Tomcat/webapps/ncse/./source/xml/content/index.xml;_T-saxon-file:///C:/Tomcat/webapps/ncse/xslt/type01/proj_type01_DR.xsl;context-path=/ncse_S-xhtml-;doctype-public=-//W3C//DTD XHTML 1.0 Strict//EN;doctype-system=http://www.w3.org/TR/xhtml1/DTD/xhtml1-strict.dtd;encoding=UTF-8;indent=yes;omit-xml-declaration=yes
INFO  (2008-04-15) 10:04.52:484 [access] (/ncse/index.html) http-8080-Processor25/CocoonServlet: 'index.html' Processed by Apache Cocoon 2.1.11 in 1.734 seconds.
INFO  (2008-04-15) 10:04.52:546 [access] (/ncse/Assets/g/c/default.css) http-8080-Processor25/CocoonServlet: 'Assets/g/c/default.css' Processed by Apache Cocoon 2.1.11 in 0 milliseconds.
INFO  (2008-04-15) 10:04.52:578 [access] (/ncse/Assets/g/c/print.css) http-8080-Processor24/CocoonServlet: 'Assets/g/c/print.css' Processed by Apache Cocoon 2.1.11 in 16 milliseconds.
INFO  (2008-04-15) 10:04.52:593 [access] (/ncse/Assets/g/s/corelib.js) http-8080-Processor23/CocoonServlet: 'Assets/g/s/corelib.js' Processed by Apache Cocoon 2.1.11 in 0 milliseconds.
ERROR (2008-04-15) 10:04.52:625 [sitemap.handled-errors] (/ncse/Assets/l/s/config.js) http-8080-Processor25/ErrorHandlerHelper: Error during resolving of the input stream
	at <map:read> - file:///C:/Tomcat/webapps/ncse/main-sitemap.xmap:151:45
	at <map:mount> - file:///C:/Tomcat/webapps/ncse/conf-sitemap.xmap:56:78
	at <map:mount> - file:///C:/Tomcat/webapps/ncse/sitemap.xmap:586:79
INFO  (2008-04-15) 10:04.52:625 [sitemap] (/ncse/Assets/l/s/config.js) http-8080-Processor25/HandleErrorsNode: Processing handle-errors at <map:handle-errors> - file:///C:/Tomcat/webapps/ncse/sitemap.xmap:601:26
INFO  (2008-04-15) 10:04.53:343 [access] (/ncse/Assets/l/s/config.js) http-8080-Processor25/CocoonServlet: 'Assets/l/s/config.js' Processed by Apache Cocoon 2.1.11 in 734 milliseconds.
INFO  (2008-04-15) 10:04.53:359 [access] (/ncse/Assets/g/s/init.js) http-8080-Processor24/CocoonServlet: 'Assets/g/s/init.js' Processed by Apache Cocoon 2.1.11 in 0 milliseconds.
INFO  (2008-04-15) 10:04.53:359 [access] (/ncse/Assets/g/i/body_bg.png) http-8080-Processor23/CocoonServlet: 'Assets/g/i/body_bg.png' Processed by Apache Cocoon 2.1.11 in 0 milliseconds.
INFO  (2008-04-15) 10:04.53:375 [access] (/ncse/Assets/g/i/banner_bg.png) http-8080-Processor25/CocoonServlet: 'Assets/g/i/banner_bg.png' Processed by Apache Cocoon 2.1.11 in 0 milliseconds.
INFO  (2008-04-15) 10:04.53:375 [access] (/ncse/Assets/g/i/bullet_rsquo_ccc.png) http-8080-Processor24/CocoonServlet: 'Assets/g/i/bullet_rsquo_ccc.png' Processed by Apache Cocoon 2.1.11 in 0 milliseconds.
INFO  (2008-04-15) 10:04.53:375 [access] (/ncse/Assets/g/i/decalRight_bg.png) http-8080-Processor23/CocoonServlet: 'Assets/g/i/decalRight_bg.png' Processed by Apache Cocoon 2.1.11 in 0 milliseconds.
INFO  (2008-04-15) 10:04.53:390 [access] (/ncse/Assets/g/i/content_options_bg.png) http-8080-Processor25/CocoonServlet: 'Assets/g/i/content_options_bg.png' Processed by Apache Cocoon 2.1.11 in 0 milliseconds.
INFO  (2008-04-15) 10:04.53:390 [access] (/ncse/Assets/g/i/footer_options_bg.png) http-8080-Processor23/CocoonServlet: 'Assets/g/i/footer_options_bg.png' Processed by Apache Cocoon 2.1.11 in 0 milliseconds.
INFO  (2008-04-15) 10:04.53:390 [access] (/ncse/Assets/g/i/decalLeft_bg.png) http-8080-Processor22/CocoonServlet: 'Assets/g/i/decalLeft_bg.png' Processed by Apache Cocoon 2.1.11 in 0 milliseconds.
INFO  (2008-04-15) 10:04.53:390 [access] (/ncse/Assets/g/i/h1_accent.png) http-8080-Processor24/CocoonServlet: 'Assets/g/i/h1_accent.png' Processed by Apache Cocoon 2.1.11 in 15 milliseconds.
INFO  (2008-04-15) 10:04.53:406 [access] (/ncse/Assets/g/i/sidenav_bg.png) http-8080-Processor21/CocoonServlet: 'Assets/g/i/sidenav_bg.png' Processed by Apache Cocoon 2.1.11 in 16 milliseconds.
INFO  (2008-04-15) 10:04.53:406 [access] (/ncse/Assets/g/i/pn1_bg_off.png) http-8080-Processor20/CocoonServlet: 'Assets/g/i/pn1_bg_off.png' Processed by Apache Cocoon 2.1.11 in 0 milliseconds.
INFO  (2008-04-15) 10:04.53:406 [access] (/ncse/Assets/g/i/xModOff.png) http-8080-Processor22/CocoonServlet: 'Assets/g/i/xModOff.png' Processed by Apache Cocoon 2.1.11 in 0 milliseconds.
